[11:46:14] [ServerMain/INFO]: Environment: Environment[sessionHost=https://sessionserver.mojang.com, servicesHost=https://api.minecraftservices.com, profilesHost=https://api.mojang.com, name=PROD]
[11:46:23] [ServerMain/INFO]: Loaded 1461 recipes
[11:46:23] [ServerMain/INFO]: Loaded 1574 advancements
[11:46:24] [Server thread/INFO]: Starting minecraft server version 1.21.10
[11:46:24] [Server thread/INFO]: Loading properties
[11:46:24] [Server thread/INFO]: Default game type: SURVIVAL
[11:46:24] [Server thread/INFO]: Generating keypair
[11:46:24] [Server thread/INFO]: Starting Minecraft server on *:25565
[11:46:25] [Server thread/INFO]: Using epoll channel type
[11:46:25] [Server thread/WARN]: **** SERVER IS RUNNING IN OFFLINE/INSECURE MODE!
[11:46:25] [Server thread/WARN]: The server will make no attempt to authenticate usernames. Beware.
[11:46:25] [Server thread/WARN]: While this makes the game possible to play without internet access, it also opens up the ability for hackers to connect with any username they choose.
[11:46:25] [Server thread/WARN]: To change this, set "online-mode" to "true" in the server.properties file.
[11:46:25] [Server thread/INFO]: Preparing level "world"
[11:46:27] [Server thread/INFO]: Loading 0 persistent chunks...
[11:46:27] [Server thread/INFO]: Preparing spawn area: 100%
[11:46:27] [Server thread/INFO]: Time elapsed: 19 ms
[11:46:27] [Server thread/INFO]: Done (1.602s)! For help, type "help"
[11:46:27] [Server thread/INFO]: Starting remote control listener
[11:46:27] [Server thread/INFO]: Thread RCON Listener started
[11:46:27] [Server thread/INFO]: RCON running on 0.0.0.0:25575
[11:47:27] [Server thread/INFO]: Server empty for 60 seconds, pausing
